[2013-04-26 09:44:14] request.ERROR: Uncaught PHP Exception Symfony\Component\HttpKernel\Exception\NotFoundHttpException: "No route found for "GET /"" at /home/wesley/www/personal/vendor/symfony/symfony/src/Symfony/Component/HttpKernel/EventListener/RouterListener.php line 94 [] []
[2013-04-26 09:44:47] request.ERROR: Uncaught PHP Exception Symfony\Component\HttpKernel\Exception\NotFoundHttpException: "No route found for "GET /"" at /home/wesley/www/personal/vendor/symfony/symfony/src/Symfony/Component/HttpKernel/EventListener/RouterListener.php line 94 [] []
[2013-04-26 09:47:17] request.ERROR: Uncaught PHP Exception Symfony\Component\HttpKernel\Exception\NotFoundHttpException: "No route found for "GET /bundles/framework/images/input_bg.gif"" at /home/wesley/www/personal/app/cache/prod/classes.php line 3597 [] []
[2013-04-26 09:47:56] request.ERROR: Uncaught PHP Exception Symfony\Component\HttpKernel\Exception\NotFoundHttpException: "No route found for "GET /bundles/framework/images/input_bg.gif"" at /home/wesley/www/personal/app/cache/prod/classes.php line 3597 [] []
[2013-04-26 09:48:08] request.ERROR: Uncaught PHP Exception Symfony\Component\HttpKernel\Exception\NotFoundHttpException: "No route found for "GET /"" at /home/wesley/www/personal/app/cache/prod/classes.php line 3597 [] []
[2013-05-07 18:26:13] request.ERROR: Uncaught PHP Exception Symfony\Component\HttpKernel\Exception\NotFoundHttpException: "No route found for "GET /app_debug.php/"" at C:\wamp\www\magic\app\cache\prod\classes.php line 3609 [] []
[2013-05-07 18:26:30] request.ERROR: Uncaught PHP Exception Symfony\Component\HttpKernel\Exception\NotFoundHttpException: "No route found for "GET /app_debug.php/"" at C:\wamp\www\magic\app\cache\prod\classes.php line 3609 [] []
[2013-05-07 18:26:31] request.ERROR: Uncaught PHP Exception Symfony\Component\HttpKernel\Exception\NotFoundHttpException: "No route found for "GET /app_debug.php/"" at C:\wamp\www\magic\app\cache\prod\classes.php line 3609 [] []
[2013-05-15 10:55:45] request.ERROR: Uncaught PHP Exception Symfony\Component\HttpKernel\Exception\NotFoundHttpException: "No route found for "GET /css/80bc065.css"" at /Users/markvandencorput/Documents/www/manapool/app/cache/prod/classes.php line 3597 [] []
[2013-05-15 10:55:45] request.ERROR: Uncaught PHP Exception Symfony\Component\HttpKernel\Exception\NotFoundHttpException: "No route found for "GET /js/init.js"" at /Users/markvandencorput/Documents/www/manapool/app/cache/prod/classes.php line 3597 [] []
[2013-05-15 10:55:45] request.ERROR: Uncaught PHP Exception Symfony\Component\HttpKernel\Exception\NotFoundHttpException: "No route found for "GET /js/jquery-2.0.0.min.js"" at /Users/markvandencorput/Documents/www/manapool/app/cache/prod/classes.php line 3597 [] []
[2013-05-15 10:55:46] request.ERROR: Uncaught PHP Exception Symfony\Component\HttpKernel\Exception\NotFoundHttpException: "No route found for "GET /js/init.js"" at /Users/markvandencorput/Documents/www/manapool/app/cache/prod/classes.php line 3597 [] []
[2013-05-15 10:55:46] request.ERROR: Uncaught PHP Exception Symfony\Component\HttpKernel\Exception\NotFoundHttpException: "No route found for "GET /js/jquery-2.0.0.min.js"" at /Users/markvandencorput/Documents/www/manapool/app/cache/prod/classes.php line 3597 [] []
[2013-05-15 10:55:46] request.ERROR: Uncaught PHP Exception Symfony\Component\HttpKernel\Exception\NotFoundHttpException: "No route found for "GET /css/80bc065.css"" at /Users/markvandencorput/Documents/www/manapool/app/cache/prod/classes.php line 3597 [] []
[2013-05-15 10:55:52] request.ERROR: Uncaught PHP Exception Symfony\Component\HttpKernel\Exception\NotFoundHttpException: "No route found for "GET /css/80bc065.css"" at /Users/markvandencorput/Documents/www/manapool/app/cache/prod/classes.php line 3597 [] []
[2013-05-15 10:55:52] request.ERROR: Uncaught PHP Exception Symfony\Component\HttpKernel\Exception\NotFoundHttpException: "No route found for "GET /js/jquery-2.0.0.min.js"" at /Users/markvandencorput/Documents/www/manapool/app/cache/prod/classes.php line 3597 [] []
[2013-05-15 10:55:52] request.ERROR: Uncaught PHP Exception Symfony\Component\HttpKernel\Exception\NotFoundHttpException: "No route found for "GET /js/init.js"" at /Users/markvandencorput/Documents/www/manapool/app/cache/prod/classes.php line 3597 [] []
[2013-05-15 10:57:07] request.ERROR: Uncaught PHP Exception Symfony\Component\HttpKernel\Exception\NotFoundHttpException: "No route found for "GET /css/80bc065.css"" at /Users/markvandencorput/Documents/www/manapool/app/cache/prod/classes.php line 3597 [] []
[2013-05-15 10:57:07] request.ERROR: Uncaught PHP Exception Symfony\Component\HttpKernel\Exception\NotFoundHttpException: "No route found for "GET /js/jquery-2.0.0.min.js"" at /Users/markvandencorput/Documents/www/manapool/app/cache/prod/classes.php line 3597 [] []
[2013-05-15 10:57:07] request.ERROR: Uncaught PHP Exception Symfony\Component\HttpKernel\Exception\NotFoundHttpException: "No route found for "GET /js/init.js"" at /Users/markvandencorput/Documents/www/manapool/app/cache/prod/classes.php line 3597 [] []
[2013-05-15 10:57:41] request.ERROR: Uncaught PHP Exception Symfony\Component\HttpKernel\Exception\NotFoundHttpException: "No route found for "GET /css/80bc065.css"" at /Users/markvandencorput/Documents/www/manapool/app/cache/prod/classes.php line 3597 [] []
[2013-05-15 10:57:41] request.ERROR: Uncaught PHP Exception Symfony\Component\HttpKernel\Exception\NotFoundHttpException: "No route found for "GET /js/init.js"" at /Users/markvandencorput/Documents/www/manapool/app/cache/prod/classes.php line 3597 [] []
[2013-05-15 10:57:41] request.ERROR: Uncaught PHP Exception Symfony\Component\HttpKernel\Exception\NotFoundHttpException: "No route found for "GET /js/jquery-2.0.0.min.js"" at /Users/markvandencorput/Documents/www/manapool/app/cache/prod/classes.php line 3597 [] []
[2013-05-15 10:57:42] request.ERROR: Uncaught PHP Exception Symfony\Component\HttpKernel\Exception\NotFoundHttpException: "No route found for "GET /js/init.js"" at /Users/markvandencorput/Documents/www/manapool/app/cache/prod/classes.php line 3597 [] []
[2013-05-15 10:57:42] request.ERROR: Uncaught PHP Exception Symfony\Component\HttpKernel\Exception\NotFoundHttpException: "No route found for "GET /css/80bc065.css"" at /Users/markvandencorput/Documents/www/manapool/app/cache/prod/classes.php line 3597 [] []
[2013-05-15 10:57:42] request.ERROR: Uncaught PHP Exception Symfony\Component\HttpKernel\Exception\NotFoundHttpException: "No route found for "GET /js/jquery-2.0.0.min.js"" at /Users/markvandencorput/Documents/www/manapool/app/cache/prod/classes.php line 3597 [] []
[2013-05-15 10:57:43] request.ERROR: Uncaught PHP Exception Symfony\Component\HttpKernel\Exception\NotFoundHttpException: "No route found for "GET /css/80bc065.css"" at /Users/markvandencorput/Documents/www/manapool/app/cache/prod/classes.php line 3597 [] []
[2013-05-15 10:57:43] request.ERROR: Uncaught PHP Exception Symfony\Component\HttpKernel\Exception\NotFoundHttpException: "No route found for "GET /js/init.js"" at /Users/markvandencorput/Documents/www/manapool/app/cache/prod/classes.php line 3597 [] []
[2013-05-15 10:57:43] request.ERROR: Uncaught PHP Exception Symfony\Component\HttpKernel\Exception\NotFoundHttpException: "No route found for "GET /js/jquery-2.0.0.min.js"" at /Users/markvandencorput/Documents/www/manapool/app/cache/prod/classes.php line 3597 [] []
